# JRE version: OpenJDK Runtime Environment (17.0.9+9) (build 17.0.9+9-Ubuntu-122.04)
# Java VM: OpenJDK 64-Bit Server VM (17.0.9+9-Ubuntu-122.04, mixed mode, sharing, tiered, compressed oops, compressed class ptrs, g1 gc, linux-amd64)
GC Precious Log:
 CPUs: 12 total, 12 available
 Memory: 7840M
 Large Page Support: Disabled
 NUMA Support: Disabled
 Compressed Oops: Enabled (32-bit)
 Heap Region Size: 1M
 Heap Min Capacity: 8M
 Heap Initial Capacity: 124M
 Heap Max Capacity: 2G
 Pre-touch: Disabled
 Parallel Workers: 10
 Concurrent Workers: 3
 Concurrent Refinement Workers: 10
 Periodic GC: Disabled
Heap:
 garbage-first heap   total 235520K, used 187916K [0x0000000080000000, 0x0000000100000000)
  region size 1024K, 139 young (142336K), 9 survivors (9216K)
 Metaspace       used 43595K, committed 44096K, reserved 491520K
  class space    used 5931K, committed 6144K, reserved 425984K
GC Heap History (20 events):
Event: 18.568 GC heap after
{Heap after GC invocations=26 (full 0):
 garbage-first heap   total 195584K, used 49028K [0x0000000080000000, 0x0000000100000000)
  region size 1024K, 7 young (7168K), 7 survivors (7168K)
 Metaspace       used 43576K, committed 44096K, reserved 491520K
  class space    used 5931K, committed 6144K, reserved 425984K
}
Event: 18.692 GC heap before
{Heap before GC invocations=26 (full 0):
 garbage-first heap   total 195584K, used 158596K [0x0000000080000000, 0x0000000100000000)
  region size 1024K, 114 young (116736K), 7 survivors (7168K)
 Metaspace       used 43581K, committed 44096K, reserved 491520K
  class space    used 5931K, committed 6144K, reserved 425984K
}
Event: 18.695 GC heap after
{Heap after GC invocations=27 (full 0):
 garbage-first heap   total 235520K, used 49320K [0x0000000080000000, 0x0000000100000000)
  region size 1024K, 8 young (8192K), 8 survivors (8192K)
 Metaspace       used 43581K, committed 44096K, reserved 491520K
  class space    used 5931K, committed 6144K, reserved 425984K
}
Event: 18.816 GC heap before
{Heap before GC invocations=27 (full 0):
 garbage-first heap   total 235520K, used 182440K [0x0000000080000000, 0x0000000100000000)
  region size 1024K, 138 young (141312K), 8 survivors (8192K)
 Metaspace       used 43581K, committed 44096K, reserved 491520K
  class space    used 5931K, committed 6144K, reserved 425984K
}
Event: 18.819 GC heap after
{Heap after GC invocations=28 (full 0):
 garbage-first heap   total 235520K, used 49600K [0x0000000080000000, 0x0000000100000000)
  region size 1024K, 8 young (8192K), 8 survivors (8192K)
 Metaspace       used 43581K, committed 44096K, reserved 491520K
  class space    used 5931K, committed 6144K, reserved 425984K
}
Event: 18.939 GC heap before
{Heap before GC invocations=28 (full 0):
 garbage-first heap   total 235520K, used 182720K [0x0000000080000000, 0x0000000100000000)
  region size 1024K, 138 young (141312K), 8 survivors (8192K)
 Metaspace       used 43581K, committed 44096K, reserved 491520K
  class space    used 5931K, committed 6144K, reserved 425984K
}
Event: 18.942 GC heap after
{Heap after GC invocations=29 (full 0):
 garbage-first heap   total 235520K, used 49814K [0x0000000080000000, 0x0000000100000000)
  region size 1024K, 6 young (6144K), 6 survivors (6144K)
 Metaspace       used 43581K, committed 44096K, reserved 491520K
  class space    used 5931K, committed 6144K, reserved 425984K
}
Event: 19.081 GC heap before
{Heap before GC invocations=29 (full 0):
 garbage-first heap   total 235520K, used 186006K [0x0000000080000000, 0x0000000100000000)
  region size 1024K, 138 young (141312K), 6 survivors (6144K)
 Metaspace       used 43581K, committed 44096K, reserved 491520K
  class space    used 5931K, committed 6144K, reserved 425984K
}
Event: 19.083 GC heap after
{Heap after GC invocations=30 (full 0):
 garbage-first heap   total 235520K, used 50544K [0x0000000080000000, 0x0000000100000000)
  region size 1024K, 6 young (6144K), 6 survivors (6144K)
 Metaspace       used 43581K, committed 44096K, reserved 491520K
  class space    used 5931K, committed 6144K, reserved 425984K
}
Event: 19.242 GC heap before
{Heap before GC invocations=30 (full 0):
 garbage-first heap   total 235520K, used 185712K [0x0000000080000000, 0x0000000100000000)
  region size 1024K, 138 young (141312K), 6 survivors (6144K)
 Metaspace       used 43585K, committed 44096K, reserved 491520K
  class space    used 5931K, committed 6144K, reserved 425984K
}
Event: 19.244 GC heap after
{Heap after GC invocations=31 (full 0):
 garbage-first heap   total 235520K, used 51504K [0x0000000080000000, 0x0000000100000000)
  region size 1024K, 6 young (6144K), 6 survivors (6144K)
 Metaspace       used 43585K, committed 44096K, reserved 491520K
  class space    used 5931K, committed 6144K, reserved 425984K
}
Event: 19.380 GC heap before
{Heap before GC invocations=31 (full 0):
 garbage-first heap   total 235520K, used 186672K [0x0000000080000000, 0x0000000100000000)
  region size 1024K, 138 young (141312K), 6 survivors (6144K)
 Metaspace       used 43585K, committed 44096K, reserved 491520K
  class space    used 5931K, committed 6144K, reserved 425984K
}
Event: 19.382 GC heap after
{Heap after GC invocations=32 (full 0):
 garbage-first heap   total 235520K, used 52423K [0x0000000080000000, 0x0000000100000000)
  region size 1024K, 7 young (7168K), 7 survivors (7168K)
 Metaspace       used 43585K, committed 44096K, reserved 491520K
  class space    used 5931K, committed 6144K, reserved 425984K
}
Event: 19.497 GC heap before
{Heap before GC invocations=32 (full 0):
 garbage-first heap   total 235520K, used 186567K [0x0000000080000000, 0x0000000100000000)
  region size 1024K, 138 young (141312K), 7 survivors (7168K)
 Metaspace       used 43588K, committed 44096K, reserved 491520K
  class space    used 5931K, committed 6144K, reserved 425984K
}
Event: 19.499 GC heap after
{Heap after GC invocations=33 (full 0):
 garbage-first heap   total 235520K, used 53161K [0x0000000080000000, 0x0000000100000000)
  region size 1024K, 8 young (8192K), 8 survivors (8192K)
 Metaspace       used 43588K, committed 44096K, reserved 491520K
  class space    used 5931K, committed 6144K, reserved 425984K
}
Event: 19.659 GC heap before
{Heap before GC invocations=33 (full 0):
 garbage-first heap   total 235520K, used 186281K [0x0000000080000000, 0x0000000100000000)
  region size 1024K, 138 young (141312K), 8 survivors (8192K)
 Metaspace       used 43589K, committed 44096K, reserved 491520K
  class space    used 5931K, committed 6144K, reserved 425984K
}
Event: 19.661 GC heap after
{Heap after GC invocations=34 (full 0):
 garbage-first heap   total 235520K, used 54047K [0x0000000080000000, 0x0000000100000000)
  region size 1024K, 8 young (8192K), 8 survivors (8192K)
 Metaspace       used 43589K, committed 44096K, reserved 491520K
  class space    used 5931K, committed 6144K, reserved 425984K
}
Event: 19.811 GC heap before
{Heap before GC invocations=34 (full 0):
 garbage-first heap   total 235520K, used 187167K [0x0000000080000000, 0x0000000100000000)
  region size 1024K, 138 young (141312K), 8 survivors (8192K)
 Metaspace       used 43592K, committed 44096K, reserved 491520K
  class space    used 5931K, committed 6144K, reserved 425984K
}
Event: 19.813 GC heap after
{Heap after GC invocations=35 (full 0):
 garbage-first heap   total 235520K, used 54796K [0x0000000080000000, 0x0000000100000000)
  region size 1024K, 8 young (8192K), 8 survivors (8192K)
 Metaspace       used 43592K, committed 44096K, reserved 491520K
  class space    used 5931K, committed 6144K, reserved 425984K
}
Event: 19.956 GC heap before
{Heap before GC invocations=35 (full 0):
 garbage-first heap   total 235520K, used 187916K [0x0000000080000000, 0x0000000100000000)
  region size 1024K, 138 young (141312K), 8 survivors (8192K)
 Metaspace       used 43595K, committed 44096K, reserved 491520K
  class space    used 5931K, committed 6144K, reserved 425984K
}

