# JRE version: OpenJDK Runtime Environment (17.0.9+9) (build 17.0.9+9-Ubuntu-122.04)
# Java VM: OpenJDK 64-Bit Server VM (17.0.9+9-Ubuntu-122.04, mixed mode, sharing, tiered, compressed oops, compressed class ptrs, g1 gc, linux-amd64)
GC Precious Log:
 CPUs: 12 total, 12 available
 Memory: 7840M
 Large Page Support: Disabled
 NUMA Support: Disabled
 Compressed Oops: Enabled (32-bit)
 Heap Region Size: 1M
 Heap Min Capacity: 8M
 Heap Initial Capacity: 124M
 Heap Max Capacity: 2G
 Pre-touch: Disabled
 Parallel Workers: 10
 Concurrent Workers: 3
 Concurrent Refinement Workers: 10
 Periodic GC: Disabled
Heap:
 garbage-first heap   total 145408K, used 120724K [0x0000000080000000, 0x0000000100000000)
  region size 1024K, 76 young (77824K), 5 survivors (5120K)
 Metaspace       used 43565K, committed 44096K, reserved 491520K
  class space    used 5925K, committed 6144K, reserved 425984K
GC Heap History (20 events):
Event: 4.652 GC heap after
{Heap after GC invocations=11 (full 0):
 garbage-first heap   total 116736K, used 35659K [0x0000000080000000, 0x0000000100000000)
  region size 1024K, 9 young (9216K), 9 survivors (9216K)
 Metaspace       used 38930K, committed 39232K, reserved 491520K
  class space    used 5440K, committed 5568K, reserved 425984K
}
Event: 4.798 GC heap before
{Heap before GC invocations=11 (full 0):
 garbage-first heap   total 116736K, used 85835K [0x0000000080000000, 0x0000000100000000)
  region size 1024K, 58 young (59392K), 9 survivors (9216K)
 Metaspace       used 39030K, committed 39360K, reserved 491520K
  class space    used 5441K, committed 5568K, reserved 425984K
}
Event: 4.805 GC heap after
{Heap after GC invocations=12 (full 0):
 garbage-first heap   total 116736K, used 39244K [0x0000000080000000, 0x0000000100000000)
  region size 1024K, 8 young (8192K), 8 survivors (8192K)
 Metaspace       used 39030K, committed 39360K, reserved 491520K
  class space    used 5441K, committed 5568K, reserved 425984K
}
Event: 4.931 GC heap before
{Heap before GC invocations=12 (full 0):
 garbage-first heap   total 116736K, used 87372K [0x0000000080000000, 0x0000000100000000)
  region size 1024K, 55 young (56320K), 8 survivors (8192K)
 Metaspace       used 39083K, committed 39360K, reserved 491520K
  class space    used 5441K, committed 5568K, reserved 425984K
}
Event: 4.935 GC heap after
{Heap after GC invocations=13 (full 0):
 garbage-first heap   total 116736K, used 41863K [0x0000000080000000, 0x0000000100000000)
  region size 1024K, 7 young (7168K), 7 survivors (7168K)
 Metaspace       used 39083K, committed 39360K, reserved 491520K
  class space    used 5441K, committed 5568K, reserved 425984K
}
Event: 5.831 GC heap before
{Heap before GC invocations=13 (full 0):
 garbage-first heap   total 116736K, used 87943K [0x0000000080000000, 0x0000000100000000)
  region size 1024K, 53 young (54272K), 7 survivors (7168K)
 Metaspace       used 40669K, committed 41088K, reserved 491520K
  class space    used 5550K, committed 5760K, reserved 425984K
}
Event: 5.835 GC heap after
{Heap after GC invocations=14 (full 0):
 garbage-first heap   total 116736K, used 43556K [0x0000000080000000, 0x0000000100000000)
  region size 1024K, 5 young (5120K), 5 survivors (5120K)
 Metaspace       used 40669K, committed 41088K, reserved 491520K
  class space    used 5550K, committed 5760K, reserved 425984K
}
Event: 17.904 GC heap before
{Heap before GC invocations=14 (full 0):
 garbage-first heap   total 116736K, used 91684K [0x0000000080000000, 0x0000000100000000)
  region size 1024K, 52 young (53248K), 5 survivors (5120K)
 Metaspace       used 43334K, committed 43840K, reserved 491520K
  class space    used 5923K, committed 6144K, reserved 425984K
}
Event: 17.907 GC heap after
{Heap after GC invocations=15 (full 0):
 garbage-first heap   total 116736K, used 46635K [0x0000000080000000, 0x0000000100000000)
  region size 1024K, 5 young (5120K), 5 survivors (5120K)
 Metaspace       used 43334K, committed 43840K, reserved 491520K
  class space    used 5923K, committed 6144K, reserved 425984K
}
Event: 18.142 GC heap before
{Heap before GC invocations=15 (full 0):
 garbage-first heap   total 116736K, used 91691K [0x0000000080000000, 0x0000000100000000)
  region size 1024K, 49 young (50176K), 5 survivors (5120K)
 Metaspace       used 43495K, committed 43968K, reserved 491520K
  class space    used 5923K, committed 6144K, reserved 425984K
}
Event: 18.145 GC heap after
{Heap after GC invocations=16 (full 0):
 garbage-first heap   total 116736K, used 47122K [0x0000000080000000, 0x0000000100000000)
  region size 1024K, 4 young (4096K), 4 survivors (4096K)
 Metaspace       used 43495K, committed 43968K, reserved 491520K
  class space    used 5923K, committed 6144K, reserved 425984K
}
Event: 18.341 GC heap before
{Heap before GC invocations=16 (full 0):
 garbage-first heap   total 116736K, used 93202K [0x0000000080000000, 0x0000000100000000)
  region size 1024K, 49 young (50176K), 4 survivors (4096K)
 Metaspace       used 43512K, committed 44032K, reserved 491520K
  class space    used 5924K, committed 6144K, reserved 425984K
}
Event: 18.344 GC heap after
{Heap after GC invocations=17 (full 0):
 garbage-first heap   total 145408K, used 47233K [0x0000000080000000, 0x0000000100000000)
  region size 1024K, 4 young (4096K), 4 survivors (4096K)
 Metaspace       used 43512K, committed 44032K, reserved 491520K
  class space    used 5924K, committed 6144K, reserved 425984K
}
Event: 18.561 GC heap before
{Heap before GC invocations=17 (full 0):
 garbage-first heap   total 145408K, used 116865K [0x0000000080000000, 0x0000000100000000)
  region size 1024K, 72 young (73728K), 4 survivors (4096K)
 Metaspace       used 43529K, committed 44032K, reserved 491520K
  class space    used 5924K, committed 6144K, reserved 425984K
}
Event: 18.564 GC heap after
{Heap after GC invocations=18 (full 0):
 garbage-first heap   total 145408K, used 47488K [0x0000000080000000, 0x0000000100000000)
  region size 1024K, 4 young (4096K), 4 survivors (4096K)
 Metaspace       used 43529K, committed 44032K, reserved 491520K
  class space    used 5924K, committed 6144K, reserved 425984K
}
Event: 18.728 GC heap before
{Heap before GC invocations=18 (full 0):
 garbage-first heap   total 145408K, used 119168K [0x0000000080000000, 0x0000000100000000)
  region size 1024K, 74 young (75776K), 4 survivors (4096K)
 Metaspace       used 43546K, committed 44096K, reserved 491520K
  class space    used 5924K, committed 6144K, reserved 425984K
}
Event: 18.730 GC heap after
{Heap after GC invocations=19 (full 0):
 garbage-first heap   total 145408K, used 47802K [0x0000000080000000, 0x0000000100000000)
  region size 1024K, 4 young (4096K), 4 survivors (4096K)
 Metaspace       used 43546K, committed 44096K, reserved 491520K
  class space    used 5924K, committed 6144K, reserved 425984K
}
Event: 18.991 GC heap before
{Heap before GC invocations=19 (full 0):
 garbage-first heap   total 145408K, used 120506K [0x0000000080000000, 0x0000000100000000)
  region size 1024K, 75 young (76800K), 4 survivors (4096K)
 Metaspace       used 43554K, committed 44096K, reserved 491520K
  class space    used 5924K, committed 6144K, reserved 425984K
}
Event: 18.994 GC heap after
{Heap after GC invocations=20 (full 0):
 garbage-first heap   total 145408K, used 48020K [0x0000000080000000, 0x0000000100000000)
  region size 1024K, 5 young (5120K), 5 survivors (5120K)
 Metaspace       used 43554K, committed 44096K, reserved 491520K
  class space    used 5924K, committed 6144K, reserved 425984K
}
Event: 19.212 GC heap before
{Heap before GC invocations=20 (full 0):
 garbage-first heap   total 145408K, used 120724K [0x0000000080000000, 0x0000000100000000)
  region size 1024K, 76 young (77824K), 5 survivors (5120K)
 Metaspace       used 43565K, committed 44096K, reserved 491520K
  class space    used 5925K, committed 6144K, reserved 425984K
}

